<?xml version="1.0" encoding="UTF-8"?>
<testsuite name="add activity to my list" tests="1" skipped="0" failures="1" errors="0" timestamp="2021-07-13T17:28:35" hostname="LAPTOP-TKL8FKRM" time="42.813">
  <properties/>
  <testcase name="add activity to my list" classname="add activity to my list" time="42.813">
    <failure message="java.lang.AssertionError: &#10;Expected: an element that is visible&#10;     but: no matching element found by xpath: //section[@data-testid='Top 10 things to do-activity-carousel--section']/child::div[2]/child::div[1]//child::li[1]//child::label/child::div[1]" type="java.lang.AssertionError">java.lang.AssertionError: 
Expected: an element that is visible
     but: no matching element found by xpath: //section[@data-testid='Top 10 things to do-activity-carousel--section']/child::div[2]/child::div[1]//child::li[1]//child::label/child::div[1]
	at net.serenitybdd.screenplay.ErrorTally.throwSummaryExceptionFrom(ErrorTally.java:36)
	at net.serenitybdd.screenplay.ErrorTally.reportAnyErrors(ErrorTally.java:30)
	at net.serenitybdd.screenplay.Actor.should(Actor.java:244)
	at net.serenitybdd.screenplay.waits.WaitUntilBuilder$1.performAs(WaitUntilBuilder.java:28)
	at net.serenitybdd.screenplay.Actor.performTask(Actor.java:176)
	at net.serenitybdd.screenplay.Actor.perform(Actor.java:157)
	at net.serenitybdd.screenplay.Actor.attemptsTo(Actor.java:138)
	at com.devco.certification.travelocity.tasks.AddFirstItem.performAs(AddFirstItem.java:29)
	at com.devco.certification.travelocity.tasks.AddFirstItem$$EnhancerByCGLIB$$c20f9f4e.CGLIB$performAs$0(&lt;generated&gt;)
	at com.devco.certification.travelocity.tasks.AddFirstItem$$EnhancerByCGLIB$$c20f9f4e$$FastClassByCGLIB$$a70e852b.invoke(&lt;generated&gt;)
	at net.sf.cglib.proxy.MethodProxy.invokeSuper(MethodProxy.java:228)
	at net.thucydides.core.steps.StepInterceptor.invokeMethod(StepInterceptor.java:449)
	at net.thucydides.core.steps.StepInterceptor.executeTestStepMethod(StepInterceptor.java:434)
	at net.thucydides.core.steps.StepInterceptor.runTestStep(StepInterceptor.java:409)
	at net.thucydides.core.steps.StepInterceptor.runOrSkipMethod(StepInterceptor.java:150)
	at net.thucydides.core.steps.StepInterceptor.testStepResult(StepInterceptor.java:137)
	at net.thucydides.core.steps.StepInterceptor.intercept(StepInterceptor.java:68)
	at com.devco.certification.travelocity.tasks.AddFirstItem$$EnhancerByCGLIB$$c20f9f4e.performAs(&lt;generated&gt;)
	at net.serenitybdd.screenplay.Actor.performTask(Actor.java:176)
	at net.serenitybdd.screenplay.Actor.perform(Actor.java:157)
	at net.serenitybdd.screenplay.Actor.attemptsTo(Actor.java:138)
	at com.devco.certification.travelocity.stepdefinitions.AddActivityToMyListStepDefinitions.heAttemptsAddTheFirstResultAtYourList(AddActivityToMyListStepDefinitions.java:48)
	at ✽.he attempts add the first result at your list(src/test/resources/features/add_activity_to_my_list.feature:14)
</failure>
  </testcase>
  <system-out><![CDATA[]]></system-out>
  <system-err><![CDATA[jul 13, 2021 12:28:36 PM org.openqa.selenium.remote.DesiredCapabilities chrome
INFORMACIÓN: Using `new ChromeOptions()` is preferred to `DesiredCapabilities.chrome()`
Starting ChromeDriver 91.0.4472.101 (af52a90bf87030dd1523486a1cd3ae25c5d76c9b-refs/branch-heads/4472@{#1462}) on port 25307
Only local connections are allowed.
Please see https://chromedriver.chromium.org/security-considerations for suggestions on keeping ChromeDriver safe.
ChromeDriver was started successfully.
jul 13, 2021 12:28:37 PM org.openqa.selenium.remote.ProtocolHandshake createSession
INFORMACIÓN: Detected dialect: W3C
[Test worker] ERROR net.thucydides.core.steps.ConsoleLoggingListener - 
           __  _____ _____ ____ _____   _____ _    ___ _     _____ ____  
  _       / / |_   _| ____/ ___|_   _| |  ___/ \  |_ _| |   | ____|  _ \ 
 (_)_____| |    | | |  _| \___ \ | |   | |_ / _ \  | || |   |  _| | | | |
  _|_____| |    | | | |___ ___) || |   |  _/ ___ \ | || |___| |___| |_| |
 (_)     | |    |_| |_____|____/ |_|   |_|/_/   \_\___|_____|_____|____/ 
          \_\                                                            

TEST FAILED: add activity to my list
--------------------------------------------------------------------------
[Test worker] ERROR net.thucydides.core.steps.ConsoleLoggingListener - TEST FAILED AT STEP Then add to list button should be an element that is visible
[Test worker] ERROR net.thucydides.core.steps.ConsoleLoggingListener - Expected: an element that is visible but: no matching element found by xpath: //section[@data-testid='Top 10 things to do-activity-carousel--section']/child::div[2]/child::div[1]//child::li[1]//child::label/child::div[1]
]]></system-err>
</testsuite>
