<?xml version="1.0" encoding="UTF-8"?>
<testsuite name="Login in travelocity" tests="1" skipped="0" failures="1" errors="0" timestamp="2021-07-13T17:29:18" hostname="LAPTOP-TKL8FKRM" time="32.18">
  <properties/>
  <testcase name="Login" classname="Login in travelocity" time="32.18">
    <failure message="java.lang.AssertionError: Expected condition failed: waiting for By.xpath: //button[@class='uitk-button uitk-button-medium uitk-button-has-text uitk-button-tertiary uitk-menu-trigger'] to be displayed (tried for 10 second(s) with 100 milliseconds interval)&#10;Build info: version: '3.14.0', revision: 'aacccce0', time: '2018-08-02T20:19:58.91Z'&#10;System info: host: 'LAPTOP-TKL8FKRM', ip: '192.168.0.33', os.name: 'Windows 10', os.arch: 'amd64', os.version: '10.0', java.version: '1.8.0_211'&#10;Driver info: driver.version: unknown" type="java.lang.AssertionError">java.lang.AssertionError: Expected condition failed: waiting for By.xpath: //button[@class='uitk-button uitk-button-medium uitk-button-has-text uitk-button-tertiary uitk-menu-trigger'] to be displayed (tried for 10 second(s) with 100 milliseconds interval)
Build info: version: '3.14.0', revision: 'aacccce0', time: '2018-08-02T20:19:58.91Z'
System info: host: 'LAPTOP-TKL8FKRM', ip: '192.168.0.33', os.name: 'Windows 10', os.arch: 'amd64', os.version: '10.0', java.version: '1.8.0_211'
Driver info: driver.version: unknown
	at net.serenitybdd.screenplay.ErrorTally.throwSummaryExceptionFrom(ErrorTally.java:36)
	at net.serenitybdd.screenplay.ErrorTally.reportAnyErrors(ErrorTally.java:30)
	at net.serenitybdd.screenplay.Actor.should(Actor.java:244)
	at com.devco.certification.travelocity.stepdefinitions.LoginStepDefinitions.toShouldSeeHisNameInTheNextPage(LoginStepDefinitions.java:54)
	at ✽.To should see his name in the next page(src/test/resources/features/login.feature:15)
</failure>
  </testcase>
  <system-out><![CDATA[]]></system-out>
  <system-err><![CDATA[jul 13, 2021 12:29:18 PM org.openqa.selenium.remote.DesiredCapabilities chrome
INFORMACIÓN: Using `new ChromeOptions()` is preferred to `DesiredCapabilities.chrome()`
jul 13, 2021 12:29:19 PM org.openqa.selenium.remote.ProtocolHandshake createSession
INFORMACIÓN: Detected dialect: W3C
[Test worker] ERROR net.thucydides.core.steps.ConsoleLoggingListener - 
           __  _____ _____ ____ _____   _____ _    ___ _     _____ ____  
  _       / / |_   _| ____/ ___|_   _| |  ___/ \  |_ _| |   | ____|  _ \ 
 (_)_____| |    | | |  _| \___ \ | |   | |_ / _ \  | || |   |  _| | | | |
  _|_____| |    | | | |___ ___) || |   |  _/ ___ \ | || |___| |___| |_| |
 (_)     | |    |_| |_____|____/ |_|   |_|/_/   \_\___|_____|_____|____/ 
          \_\                                                            

TEST FAILED WITH ERROR: Login
---------------------------------------------------------------------
[Test worker] ERROR net.thucydides.core.steps.ConsoleLoggingListener - TEST FAILED AT STEP Then travelocity login result
[Test worker] ERROR net.thucydides.core.steps.ConsoleLoggingListener - Expected condition failed: waiting for By.xpath: //button[@class='uitk-button uitk-button-medium uitk-button-has-text uitk-button-tertiary uitk-menu-trigger'] to be displayed (tried for 10 second(s) with 100 milliseconds interval)Build info: version: '3.14.0', revision: 'aacccce0', time: '2018-08-02T20:19:58.91Z'System info: host: 'LAPTOP-TKL8FKRM', ip: '192.168.0.33', os.name: 'Windows 10', os.arch: 'amd64', os.version: '10.0', java.version: '1.8.0_211'Driver info: driver.version: unknown
]]></system-err>
</testsuite>
